{
  "0 debug pnpm:scope": {
    "selected": 1,
    "workspacePrefix": "/home/bocanegra/Dev/Svelte/domain"
  },
  "1 debug pnpm:package-manifest": {
    "initial": {},
    "prefix": "/home/bocanegra/.local/share/pnpm/store/v3/tmp/dlx-31658"
  },
  "2 debug pnpm:context": {
    "currentLockfileExists": false,
    "storeDir": "/home/bocanegra/.local/share/pnpm/store/v3",
    "virtualStoreDir": "/home/bocanegra/.local/share/pnpm/store/v3/tmp/dlx-31658/node_modules/.pnpm"
  },
  "3 debug pnpm:stage": {
    "prefix": "/home/bocanegra/.local/share/pnpm/store/v3/tmp/dlx-31658",
    "stage": "resolution_started"
  },
  "4 error pnpm": {
    "code": "ERR_PNPM_FETCH_404",
    "hint": "--version is not in the npm registry, or you have no permission to fetch it.\n\nAn authorization header was used: Bearer npm_[hidden]",
    "request": {
      "authHeaderValue": "Bearer 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",
      "url": "https://registry.npmjs.org/--version"
    },
    "response": {
      "size": 0
    },
    "pkgName": "--version",
    "spec": {
      "fetchSpec": "latest",
      "name": "--version",
      "type": "tag"
    },
    "pkgsStack": [],
    "err": {
      "name": "pnpm",
      "message": "GET https://registry.npmjs.org/--version: Not Found - 404",
      "code": "ERR_PNPM_FETCH_404",
      "stack": "pnpm: GET https://registry.npmjs.org/--version: Not Found - 404\n    at RetryOperation._fn (/home/bocanegra/pnpm-global/5/node_modules/.pnpm/pnpm@7.5.0/node_modules/pnpm/dist/pnpx.cjs:80617:19)\n    at processTicksAndRejections (node:internal/process/task_queues:96:5)"
    }
  }
}